Environment at start of build:
ALLUSERSPROFILE = C:\ProgramData
APPDATA = C:\Users\Owner\AppData\Roaming
CommonProgramFiles = C:\Program Files (x86)\Common Files
CommonProgramFiles(x86) = C:\Program Files (x86)\Common Files
CommonProgramW6432 = C:\Program Files\Common Files
COMPUTERNAME = DESKTOP-5I2A3TR
ComSpec = C:\Windows\system32\cmd.exe
DriverData = C:\Windows\System32\Drivers\DriverData
FPS_BROWSER_APP_PROFILE_STRING = Internet Explorer
FPS_BROWSER_USER_PROFILE_STRING = Default
HOMEDRIVE = C:
HOMEPATH = \Users\Owner
LOCALAPPDATA = C:\Users\Owner\AppData\Local
LOGONSERVER = \\DESKTOP-5I2A3TR
MSBuildLoadMicrosoftTargetsReadOnly = true
NUMBER_OF_PROCESSORS = 8
OneDrive = C:\Users\Owner\OneDrive
OS = Windows_NT
Path = C:\Program Files (x86)\Common Files\Oracle\Java\javapath;C:\Windows\system32;C:\Windows;C:\Windows\System32\Wbem;C:\Windows\System32\WindowsPowerShell\v1.0\;C:\Windows\System32\OpenSSH\;C:\Program Files\dotnet\;C:\Program Files\Microsoft SQL Server\130\Tools\Binn\;C:\Program Files\Microsoft SQL Server\Client SDK\ODBC\170\Tools\Binn\;C:\Program Files\Wolfram Research\WolframScript\;C:\Users\Owner\AppData\Local\Microsoft\WindowsApps;C:\Users\Owner\.dotnet\tools
PATHEXT = .COM;.EXE;.BAT;.CMD;.VBS;.VBE;.JS;.JSE;.WSF;.WSH;.MSC
PkgDefApplicationConfigFile = C:\Users\Owner\AppData\Local\Microsoft\VisualStudio\16.0_3efbd685\devenv.exe.config
PROCESSOR_ARCHITECTURE = x86
PROCESSOR_ARCHITEW6432 = AMD64
PROCESSOR_IDENTIFIER = Intel64 Family 6 Model 158 Stepping 9, GenuineIntel
PROCESSOR_LEVEL = 6
PROCESSOR_REVISION = 9e09
ProgramData = C:\ProgramData
ProgramFiles = C:\Program Files (x86)
ProgramFiles(x86) = C:\Program Files (x86)
ProgramW6432 = C:\Program Files
PSModulePath = C:\Program Files\WindowsPowerShell\Modules;C:\Windows\system32\WindowsPowerShell\v1.0\Modules
PUBLIC = C:\Users\Public
ServiceHubLogSessionKey = 72C77598
SESSIONNAME = Console
SystemDrive = C:
SystemRoot = C:\Windows
TEMP = C:\Users\Owner\AppData\Local\Temp
ThreadedWaitDialogDpiContext = -4
TMP = C:\Users\Owner\AppData\Local\Temp
USERDOMAIN = DESKTOP-5I2A3TR
USERDOMAIN_ROAMINGPROFILE = DESKTOP-5I2A3TR
USERNAME = tksafford
USERPROFILE = C:\Users\Owner
VisualStudioDir = C:\Users\Owner\Documents\Visual Studio 2019
VisualStudioEdition = Microsoft Visual Studio Community 2019
VisualStudioVersion = 16.0
VSAPPIDDIR = C:\Program Files (x86)\Microsoft Visual Studio\2019\Community\Common7\IDE\
VSAPPIDNAME = devenv.exe
VSLANG = 1033
VSSKUEDITION = Community
windir = C:\Windows

  Lab10TKS.cpp
Lab10TKS.obj : error LNK2019: unresolved external symbol "public: __thiscall ID::ID(int,int,int)" (??0ID@@QAE@HHH@Z) referenced in function _main
Lab10TKS.obj : error LNK2019: unresolved external symbol "public: __thiscall Loan::Loan(void)" (??0Loan@@QAE@XZ) referenced in function _main
Lab10TKS.obj : error LNK2019: unresolved external symbol "public: __thiscall Loan::Loan(class ID,float,float,int)" (??0Loan@@QAE@VID@@MMH@Z) referenced in function _main
Lab10TKS.obj : error LNK2019: unresolved external symbol "public: void __thiscall Loan::set(void)" (?set@Loan@@QAEXXZ) referenced in function _main
Lab10TKS.obj : error LNK2019: unresolved external symbol "public: void __thiscall Loan::display(void)" (?display@Loan@@QAEXXZ) referenced in function _main
C:\Users\Owner\Desktop\CPSC230\Week10\Lab10TKS\Debug\Lab10TKS.exe : fatal error LNK1120: 5 unresolved externals

Project Performance Summary:
     1247 ms  C:\Users\Owner\Desktop\CPSC230\Week10\Lab10TKS\Lab10TKS.vcxproj   1 calls
               1247 ms  Rebuild                                    1 calls

Target Performance Summary:
        0 ms  _Xsd                                       1 calls
        0 ms  WarnCompileDuplicatedFilename              1 calls
        0 ms  GetReferencedVCProjectsInfo                1 calls
        0 ms  FindReferenceAssembliesForReferences       1 calls
        0 ms  ComputeCLInputPDBName                      1 calls
        0 ms  BeforeClCompile                            1 calls
        0 ms  BuildCompileTraverse                       1 calls
        0 ms  BuildGenerateSources                       1 calls
        0 ms  MakeDirsForCl                              1 calls
        0 ms  _BuildGenerateSourcesAction                1 calls
        0 ms  AfterBuildGenerateSources                  1 calls
        0 ms  _Midl                                      1 calls
        0 ms  AfterMidl                                  1 calls
        0 ms  ComputeMIDLGeneratedCompileInputs          1 calls
        0 ms  MakeDirsForMidl                            1 calls
        0 ms  ComputeLinkSwitches                        1 calls
        0 ms  ComputeCustomBuildOutput                   1 calls
        0 ms  AfterBuildGenerateSourcesEvent             1 calls
        0 ms  PreBuildEvent                              1 calls
        0 ms  SelectClCompile                            1 calls
        0 ms  AfterClCompile                             1 calls
        0 ms  ComputeManifestInputsTargets               1 calls
        0 ms  ComputeLinkInputsFromProject               1 calls
        0 ms  ComputeCLGeneratedLinkInputs               1 calls
        0 ms  ComputeManifestGeneratedLinkerInputs       1 calls
        0 ms  ComputeRCGeneratedLinkInputs               1 calls
        0 ms  ComputeRCOutputs                           1 calls
        0 ms  BeforeLink                                 1 calls
        0 ms  CreateCustomManifestResourceNames          1 calls
        0 ms  ComputeLegacyManifestEmbedding             1 calls
        0 ms  BuildCompile                               1 calls
        0 ms  _BuildCompileAction                        1 calls
        0 ms  AfterBuildCompileEvent                     1 calls
        0 ms  _ResourceCompile                           1 calls
        0 ms  AfterResourceCompile                       1 calls
        0 ms  BeforeResourceCompile                      1 calls
        0 ms  _ClCompile                                 1 calls
        0 ms  BuildLinkTraverse                          1 calls
        0 ms  BeforeBuildGenerateSources                 1 calls
        0 ms  SelectCustomBuild                          1 calls
        0 ms  PrepareResourceNames                       1 calls
        0 ms  BuildGenerateSourcesTraverse               1 calls
        0 ms  Clean                                      1 calls
        0 ms  CppClean                                   1 calls
        0 ms  AfterCppClean                              1 calls
        0 ms  BeforeCppClean                             1 calls
        0 ms  AfterClean                                 1 calls
        0 ms  CleanPublishFolder                         1 calls
        0 ms  _PrepareForBuild                           1 calls
        0 ms  CleanReferencedProjects                    1 calls
        0 ms  _AddOutputPathToGlobalPropertiesToRemove   1 calls
        0 ms  _SplitProjectReferencesByFileExistence     1 calls
        0 ms  PreLinkEvent                               1 calls
        0 ms  BeforeClean                                1 calls
        0 ms  _PrepareForClean                           1 calls
        0 ms  BeforeRebuild                              1 calls
        0 ms  _PrepareForRebuild                         1 calls
        0 ms  PrepareProjectReferences                   1 calls
        0 ms  _PrepareForReferenceResolution             1 calls
        0 ms  SplitResourcesByCulture                    1 calls
        0 ms  ResolveSDKReferences                       1 calls
        0 ms  GetFrameworkPaths                          1 calls
        0 ms  GetReferenceAssemblyPaths                  1 calls
        0 ms  ResolveReferences                          1 calls
        0 ms  ExpandSDKReferences                        1 calls
        0 ms  AfterResolveReferences                     1 calls
        0 ms  GetResolvedWinMD                           1 calls
        0 ms  ResolveAssemblyReferences                  1 calls
        0 ms  _CheckWindowsSDKInstalled                  1 calls
        0 ms  SetCABuildNativeEnvironmentVariables       1 calls
        0 ms  BeforeResolveReferences                    1 calls
        1 ms  SetTelemetryEnvironmentVariables           1 calls
        1 ms  MakeDirsForResourceCompile                 1 calls
        1 ms  MakeDirsForLink                            1 calls
        1 ms  CopyFileToFolders                          1 calls
        1 ms  DoLinkOutputFilesMatch                     1 calls
        1 ms  _SelectedFiles                             1 calls
        1 ms  AssignProjectConfiguration                 1 calls
        1 ms  ResolveProjectReferences                   1 calls
        1 ms  AddExternalIncludDirectoriesToPaths        1 calls
        1 ms  ComputeReferenceCLInput                    1 calls
        1 ms  FixupCLCompileOptions                      1 calls
        1 ms  PGInstrumentedClean                        1 calls
        1 ms  AssignTargetPaths                          1 calls
        1 ms  ComputeCLOutputs                           1 calls
        1 ms  _GetProjectReferenceTargetFrameworkProperties   1 calls
        1 ms  CustomBuild                                1 calls
        1 ms  SetBuildDefaultEnvironmentVariables        1 calls
        2 ms  _CheckForInvalidConfigurationAndPlatform   1 calls
        2 ms  InitializeBuildStatus                      1 calls
        2 ms  CoreClean                                  1 calls
        3 ms  PrepareForBuild                            1 calls
       10 ms  CoreCppClean                               1 calls
      214 ms  Link                                       1 calls
      994 ms  ClCompile                                  1 calls

Task Performance Summary:
        0 ms  AssignTargetPath                           4 calls
        0 ms  Delete                                     5 calls
        0 ms  RemoveDuplicates                           1 calls
        0 ms  MakeDir                                    9 calls
        0 ms  AssignCulture                              1 calls
        0 ms  CheckVCToolsetVersion                      1 calls
        1 ms  ReadLinesFromFile                          2 calls
        1 ms  AssignProjectConfiguration                 1 calls
        1 ms  WriteLinesToFile                           3 calls
        1 ms  MSBuild                                    1 calls
        1 ms  FindUnderPath                              2 calls
        1 ms  Touch                                      1 calls
        1 ms  Message                                    2 calls
        2 ms  SetEnv                                     9 calls
        2 ms  GetOutOfDateItems                          3 calls
        9 ms  CppClean                                   1 calls
      213 ms  Link                                       1 calls
      993 ms  CL                                         1 calls
